d:\desenvolvimento\github\battleship\battleship\proj.win32\debug.win32\battleship.lib
d:\desenvolvimento\github\battleship\battleship\proj.win32\debug.win32\battleship.exp
d:\desenvolvimento\github\battleship\battleship\proj.win32\battleship.cab
d:\desenvolvimento\github\battleship\battleship\proj.win32\debug.win32\boardplacer.obj
d:\desenvolvimento\github\battleship\battleship\proj.win32\debug.win32\main.obj
d:\desenvolvimento\github\battleship\battleship\proj.win32\debug.win32\vc140.pdb
d:\desenvolvimento\github\battleship\battleship\proj.win32\debug.win32\vc140.idb
d:\desenvolvimento\github\battleship\battleship\proj.win32\debug.win32\battleship.ilk
d:\desenvolvimento\github\battleship\battleship\proj.win32\debug.win32\battleship.exe
d:\desenvolvimento\github\battleship\battleship\proj.win32\debug.win32\battleship.pdb
d:\desenvolvimento\github\battleship\battleship\proj.win32\debug.win32\game.res
d:\desenvolvimento\github\battleship\battleship\proj.win32\debug.win32\battleship.tlog\battleship.write.1u.tlog
d:\desenvolvimento\github\battleship\battleship\proj.win32\debug.win32\battleship.tlog\cl.command.1.tlog
d:\desenvolvimento\github\battleship\battleship\proj.win32\debug.win32\battleship.tlog\cl.read.1.tlog
d:\desenvolvimento\github\battleship\battleship\proj.win32\debug.win32\battleship.tlog\cl.write.1.tlog
d:\desenvolvimento\github\battleship\battleship\proj.win32\debug.win32\battleship.tlog\link.command.1.tlog
d:\desenvolvimento\github\battleship\battleship\proj.win32\debug.win32\battleship.tlog\link.read.1.tlog
d:\desenvolvimento\github\battleship\battleship\proj.win32\debug.win32\battleship.tlog\link.write.1.tlog
d:\desenvolvimento\github\battleship\battleship\proj.win32\debug.win32\battleship.tlog\rc.command.1.tlog
d:\desenvolvimento\github\battleship\battleship\proj.win32\debug.win32\battleship.tlog\rc.read.1.tlog
d:\desenvolvimento\github\battleship\battleship\proj.win32\debug.win32\battleship.tlog\rc.write.1.tlog
